/home/cike/anaconda3/envs/pymarl/lib/python3.7/site-packages/gym/envs/registration.py:498: UserWarning: [33mWARN: Overriding environment Overcooked-v0 already in registry.[0m
  logger.warn(f"Overriding environment {new_spec.id} already in registry.")
[DEBUG 10:42:09] git.cmd Popen(['git', 'version'], cwd=/home/cike/marl_collector, stdin=None, shell=False, universal_newlines=False)
[DEBUG 10:42:09] git.cmd Popen(['git', 'version'], cwd=/home/cike/marl_collector, stdin=None, shell=False, universal_newlines=False)
[DEBUG 10:42:09] git.util Failed checking if running in CYGWIN due to: FileNotFoundError(2, "No such file or directory: '/usr/bin/uname'")
[DEBUG 10:42:09] git.cmd Popen(['git', 'diff', '--cached', '--abbrev=40', '--full-index', '--raw'], cwd=/home/cike/marl_collector, stdin=None, shell=False, universal_newlines=False)
[DEBUG 10:42:09] git.cmd Popen(['git', 'diff', '--abbrev=40', '--full-index', '--raw'], cwd=/home/cike/marl_collector, stdin=None, shell=False, universal_newlines=False)
[DEBUG 10:42:09] git.cmd Popen(['git', 'cat-file', '--batch-check'], cwd=/home/cike/marl_collector, stdin=<valid stream>, shell=False, universal_newlines=False)
[DEBUG 10:42:09] git.cmd Popen(['git', 'diff', '--cached', '--abbrev=40', '--full-index', '--raw'], cwd=/home/cike/marl_collector, stdin=None, shell=False, universal_newlines=False)
[DEBUG 10:42:09] git.cmd Popen(['git', 'diff', '--abbrev=40', '--full-index', '--raw'], cwd=/home/cike/marl_collector, stdin=None, shell=False, universal_newlines=False)
[DEBUG 10:42:09] git.cmd Popen(['git', 'cat-file', '--batch-check'], cwd=/home/cike/marl_collector, stdin=<valid stream>, shell=False, universal_newlines=False)
[DEBUG 10:42:09] git.cmd Popen(['git', 'diff', '--cached', '--abbrev=40', '--full-index', '--raw'], cwd=/home/cike/marl_collector, stdin=None, shell=False, universal_newlines=False)
[DEBUG 10:42:09] git.cmd Popen(['git', 'diff', '--abbrev=40', '--full-index', '--raw'], cwd=/home/cike/marl_collector, stdin=None, shell=False, universal_newlines=False)
[DEBUG 10:42:09] git.cmd Popen(['git', 'cat-file', '--batch-check'], cwd=/home/cike/marl_collector, stdin=<valid stream>, shell=False, universal_newlines=False)
[INFO 10:42:09] root Saving to FileStorageObserver in results/sacred.
[DEBUG 10:42:10] pymarl Using capture mode "fd"
/home/cike/marl_collector/src/envs/overcooked/overcooked_ai
/home/cike/marl_collector/src/envs/overcooked/overcooked_ai
[INFO 10:42:10] pymarl Running command 'my_main'
[INFO 10:42:10] pymarl Started run with ID "63"
[DEBUG 10:42:10] pymarl Starting Heartbeat
[DEBUG 10:42:10] my_main Started
[WARNING 10:42:10] my_main CUDA flag use_cuda was switched OFF automatically because no CUDA devices are available!
[INFO 10:42:10] my_main Experiment Parameters:
[INFO 10:42:10] my_main 

{   'agent': 'rnn',
    'batch_size': 32,
    'batch_size_run': 32,
    'buffer_cpu_only': True,
    'buffer_size': 1024,
    'checkpoint_path': '',
    'critic_lr': 0.0005,
    'cur_episodes': 32,
    'env': 'stag_hunt',
    'env_args': {   'agent_move_block': [   0,
                                            1,
                                            2],
                    'agent_obs': [   2,
                                     2],
                    'capture_action': False,
                    'capture_action_conditions': [   2,
                                                     1],
                    'capture_conditions': [   0,
                                              1],
                    'capture_freezes': False,
                    'capture_terminal': False,
                    'directed_cone_narrow': True,
                    'directed_exta_actions': True,
                    'directed_observations': False,
                    'episode_limit': 200,
                    'intersection_global_view': False,
                    'intersection_unknown': False,
                    'is_print': False,
                    'miscapture_punishment': 0,
                    'mountain_agent_row': -1,
                    'mountain_slope': 0.0,
                    'mountain_spawn': False,
                    'n_agents': 2,
                    'n_hare': 0,
                    'n_stags': 4,
                    'need_render': False,
                    'observe_ids': False,
                    'observe_one_hot': False,
                    'observe_state': False,
                    'observe_walls': False,
                    'p_hare_rest': 0.0,
                    'p_stags_rest': 0.0,
                    'prevent_cannibalism': True,
                    'print_caught_prey': False,
                    'print_frozen_agents': False,
                    'random_ghosts': False,
                    'random_ghosts_indicator': False,
                    'random_ghosts_mul': -1,
                    'random_ghosts_prob': 0.5,
                    'remove_frozen': True,
                    'reward_collision': 0,
                    'reward_hare': 1,
                    'reward_stag': 10,
                    'reward_time': 0,
                    'state_as_graph': False,
                    'toroidal': False,
                    'world_shape': [   10,
                                       10]},
    'episodes_per_teammate': 64,
    'epsilon_anneal_time': 50000,
    'epsilon_finish': 0.05,
    'epsilon_start': 1.0,
    'evaluate': False,
    'exp_name': 'stage1_PP',
    'gamma': 0.99,
    'grad_norm_clip': 10,
    'ind': 'stage1',
    'inner_loop_episodes': 128,
    'label': 'default_label',
    'learner_log_interval': 10000,
    'load_step': 0,
    'local_results_path': 'results',
    'local_saves_path': 'saves',
    'log_interval': 100,
    'lr': 0.0005,
    'mac': 'basic',
    'meta_update_times': 8,
    'n_sub_modules': 4,
    'obs_agent_id': True,
    'obs_last_action': True,
    'optim_alpha': 0.99,
    'optim_eps': 1e-05,
    'optimize_meta': True,
    'points_per_teammate': 64,
    'pop': 'stage1',
    'population_alg': 'vdn',
    'population_size': 4,
    'repeat_id': 1,
    'rnn_hidden_dim': 64,
    'runner': 'meta',
    'runner_log_interval': 10000,
    'save_BR': False,
    'save_BR_episodes': 2048,
    'save_model': False,
    'save_model_interval': 2000000,
    'save_population': True,
    'save_population_episodes': 2048,
    'save_replay': False,
    'seed': 234846832,
    't_max': 3000000,
    'test_greedy': True,
    'test_interval': 10000,
    'test_nepisode': 32,
    'test_percent': 0.2,
    'train_test_split': False,
    'use_cuda': False,
    'use_history': False,
    'use_tensorboard': True,
    'z_dim': 8}

[INFO 10:42:10] my_main ================ MetaEpoch: 0 ================
[INFO 10:42:10] my_main Time passed: 0 seconds
[INFO 10:42:10] root [Individual 0] Begin training for 128 episodes
[INFO 10:42:26] root t_env: 6400 / 3000000
[INFO 10:42:26] root Estimated time left: 47 minutes, 42 seconds. Time passed: 15 seconds
[INFO 10:43:03] root t_env: 19200 / 3000000
[INFO 10:43:03] root Estimated time left: 2 hours, 22 minutes, 36 seconds. Time passed: 52 seconds
